<?xml version="1.0" encoding="UTF-8"?>
<!-- Generated by org.testng.reporters.JUnitReportReporter -->
<testsuite hostname="LAPTOP-40D4M6FM" failures="0" tests="1" name="com.ka.testCases.createAccTest" time="11.648" errors="0" timestamp="2020-01-29T20:17:05 IST" skipped="0">
  <testcase classname="com.ka.testCases.createAccTest" name="CreateAccTest" time="11.648"/>
  <system-out/>
</testsuite> <!-- com.ka.testCases.createAccTest -->
